<?xml version="1.0" encoding="UTF-8" ?>
<testsuite tests="67" failures="0" name="myqualityassurancetest.de.AcceptanceTest" time="0.312" errors="0" skipped="0">
  <properties>
[...]
</properties>
  <testcase classname="java.lang.Object" name="BeforeStories" time="0.141"/>
  <testcase classname="myqualityassurancetest.de.Calculator" name="Given a Calculator Class with operation sign &lt;sign&gt;" time="0.031"/>
  <testcase classname="myqualityassurancetest.de.Calculator" name="When I give the first number &lt;number1&gt;" time="0"/>
  <testcase classname="myqualityassurancetest.de.Calculator" name="And I give the second number &lt;number2&gt;" time="0.016"/>
  <testcase classname="myqualityassurancetest.de.Calculator" name="Then I should get the result as &lt;result&gt;" time="0"/>
  <testcase classname="myqualityassurancetest.de.Calculator" name="Given a Calculator Class with operation sign &lt;sign&gt;" time="0"/>
  <testcase classname="myqualityassurancetest.de.Calculator" name="When I give the first number &lt;number1&gt;" time="0.031"/>
  <testcase classname="myqualityassurancetest.de.Calculator" name="And I give the second number &lt;number2&gt;" time="0"/>
  <testcase classname="myqualityassurancetest.de.Calculator" name="Then I should get the result as &lt;result&gt;" time="0"/>
  <testcase classname="myqualityassurancetest.de.Calculator" name="Given a Calculator Class with operation sign &lt;sign&gt;" time="0"/>
  <testcase classname="myqualityassurancetest.de.Calculator" name="When I give the first number &lt;number1&gt;" time="0"/>
  <testcase classname="myqualityassurancetest.de.Calculator" name="And I give the second number &lt;number2&gt;" time="0"/>
  <testcase classname="myqualityassurancetest.de.Calculator" name="Then I should get the result as &lt;result&gt;" time="0"/>
  <testcase classname="myqualityassurancetest.de.Calculator" name="Given a Calculator Class with operation sign &lt;sign&gt;" time="0"/>
  <testcase classname="myqualityassurancetest.de.Calculator" name="When I give the first number &lt;number1&gt;" time="0"/>
  <testcase classname="myqualityassurancetest.de.Calculator" name="And I give the second number &lt;number2&gt;" time="0"/>
  <testcase classname="myqualityassurancetest.de.Calculator" name="Then I should get the result as &lt;result&gt;" time="0"/>
  <testcase classname="myqualityassurancetest.de.Calculator" name="Given a Calculator Class with operation sign &lt;sign&gt;" time="0"/>
  <testcase classname="myqualityassurancetest.de.Calculator" name="When I give the first number &lt;number1&gt;" time="0"/>
  <testcase classname="myqualityassurancetest.de.Calculator" name="And I give the second number &lt;number2&gt;" time="0"/>
  <testcase classname="myqualityassurancetest.de.Calculator" name="Then I should get the result as &lt;result&gt;" time="0"/>
  <testcase classname="myqualityassurancetest.de.Calculator" name="Given a Calculator Class with operation sign &lt;sign&gt;" time="0"/>
  <testcase classname="myqualityassurancetest.de.Calculator" name="When I give the first number &lt;number1&gt;" time="0"/>
  <testcase classname="myqualityassurancetest.de.Calculator" name="And I give the second number &lt;number2&gt;" time="0"/>
  <testcase classname="myqualityassurancetest.de.Calculator" name="Then I should get the result as &lt;result&gt;" time="0"/>
  <testcase classname="myqualityassurancetest.de.Calculator" name="Given a Calculator Class with operation sign &lt;sign&gt;" time="0"/>
  <testcase classname="myqualityassurancetest.de.Calculator" name="When I give the first number &lt;number1&gt;" time="0"/>
  <testcase classname="myqualityassurancetest.de.Calculator" name="And I give the second number &lt;number2&gt;" time="0"/>
  <testcase classname="myqualityassurancetest.de.Calculator" name="Then I should get the result as &lt;result&gt;" time="0"/>
  <testcase classname="myqualityassurancetest.de.Calculator" name="Given a Calculator Class with operation sign &lt;sign&gt;" time="0"/>
  <testcase classname="myqualityassurancetest.de.Calculator" name="When I give the first number &lt;number1&gt;" time="0"/>
  <testcase classname="myqualityassurancetest.de.Calculator" name="And I give the second number &lt;number2&gt;" time="0"/>
  <testcase classname="myqualityassurancetest.de.Calculator" name="Then I should get the result as &lt;result&gt;" time="0"/>
  <testcase classname="myqualityassurancetest.de.Calculator" name="Given a Calculator Class with operation sign &lt;sign&gt;" time="0"/>
  <testcase classname="myqualityassurancetest.de.Calculator" name="When I give the first number &lt;number1&gt;" time="0"/>
  <testcase classname="myqualityassurancetest.de.Calculator" name="And I give the second number &lt;number2&gt;" time="0"/>
  <testcase classname="myqualityassurancetest.de.Calculator" name="Then I should get the result as &lt;result&gt;" time="0"/>
  <testcase classname="myqualityassurancetest.de.Calculator" name="Given a Calculator Class with operation sign &lt;sign&gt;" time="0"/>
  <testcase classname="myqualityassurancetest.de.Calculator" name="When I give the first number &lt;number1&gt;" time="0.015"/>
  <testcase classname="myqualityassurancetest.de.Calculator" name="And I give the second number &lt;number2&gt;" time="0"/>
  <testcase classname="myqualityassurancetest.de.Calculator" name="Then I should get the result as &lt;result&gt;" time="0"/>
  <testcase classname="myqualityassurancetest.de.Calculator" name="Given a Calculator Class with operation sign &lt;sign&gt;" time="0"/>
  <testcase classname="myqualityassurancetest.de.Calculator" name="When I give the first number &lt;number1&gt;" time="0"/>
  <testcase classname="myqualityassurancetest.de.Calculator" name="And I give the second number &lt;number2&gt;" time="0"/>
  <testcase classname="myqualityassurancetest.de.Calculator" name="Then I should get the result as &lt;result&gt;" time="0.016"/>
  <testcase classname="myqualityassurancetest.de.Calculator" name="Given a Calculator Class with operation sign &lt;sign&gt;" time="0"/>
  <testcase classname="myqualityassurancetest.de.Calculator" name="When I give the first number &lt;number1&gt;" time="0"/>
  <testcase classname="myqualityassurancetest.de.Calculator" name="And I give the second number &lt;number2&gt;" time="0"/>
  <testcase classname="myqualityassurancetest.de.Calculator" name="Then I should get the result as &lt;result&gt;" time="0"/>
  <testcase classname="Scenario: scenario Adddition" name="Scenario: scenario Adddition" time="0"/>
  <testcase classname="myqualityassurancetest.de.Calculator" name="Given a Calculator Class with operation sign &lt;sign&gt;" time="0"/>
  <testcase classname="myqualityassurancetest.de.Calculator" name="When I give the first number &lt;number1&gt;" time="0"/>
  <testcase classname="myqualityassurancetest.de.Calculator" name="And I give the second number &lt;number2&gt;" time="0"/>
  <testcase classname="myqualityassurancetest.de.Calculator" name="Then I should get the result as &lt;result&gt;" time="0"/>
  <testcase classname="Scenario: scenario Substraction" name="Scenario: scenario Substraction" time="0.047"/>
  <testcase classname="myqualityassurancetest.de.Calculator" name="Given a Calculator Class with operation sign &lt;sign&gt;" time="0"/>
  <testcase classname="myqualityassurancetest.de.Calculator" name="When I give the first number &lt;number1&gt;" time="0"/>
  <testcase classname="myqualityassurancetest.de.Calculator" name="And I give the second number &lt;number2&gt;" time="0"/>
  <testcase classname="myqualityassurancetest.de.Calculator" name="Then I should get the result as &lt;result&gt;" time="0"/>
  <testcase classname="Scenario: scenario Multiplication" name="Scenario: scenario Multiplication" time="0"/>
  <testcase classname="myqualityassurancetest.de.Calculator" name="Given a Calculator Class with operation sign &lt;sign&gt;" time="0"/>
  <testcase classname="myqualityassurancetest.de.Calculator" name="When I give the first number &lt;number1&gt;" time="0"/>
  <testcase classname="myqualityassurancetest.de.Calculator" name="And I give the second number &lt;number2&gt;" time="0"/>
  <testcase classname="myqualityassurancetest.de.Calculator" name="Then I should get the result as &lt;result&gt;" time="0"/>
  <testcase classname="Scenario: scenario Division" name="Scenario: scenario Division" time="0"/>
  <testcase classname="calculator.story" name="calculator.story" time="0.015"/>
  <testcase classname="java.lang.Object" name="AfterStories" time="0"/>
</testsuite>